app/page-new.tsx(899,139): error TS2322: Type '{ config: ProjectConfig; themeState: ThemeState; onUpdateConfig: (newTemplateConfig: TemplateConfig) => void; showClassNames: boolean; }' is not assignable to type 'IntrinsicAttributes & TemplateSectionProps'.
  Property 'onUpdateConfig' does not exist on type 'IntrinsicAttributes & TemplateSectionProps'.
app/page-new.tsx(954,34): error TS2741: Property 'activeSection' is missing in type '{ config: ProjectConfig; onUpdateConfig: (newTemplateConfig: TemplateConfig) => void; themeState: ThemeState; showClassNames: boolean; setShowClassNames: Dispatch<...>; }' but required in type 'TemplateInspectorProps'.
components/FeedbackInspector.tsx(27,32): error TS7053: Element implicitly has an 'any' type because expression of type '"toasts" | "alerts" | "modals"' can't be used to index type '{}'.
  Property 'toasts' does not exist on type '{}'.
components/FeedbackInspector.tsx(33,17): error TS2739: Type '{}' is missing the following properties from type 'FeedbackConfig': toasts, alerts, modals
components/FeedbackInspector.tsx(102,70): error TS2322: Type 'string' is not assignable to type 'undefined'.
components/FormsSection.tsx(225,21): error TS2741: Property 'type' is missing in type '{ displayName: string; filePath: string; parentComponent: string; htmlTag: string; }' but required in type '{ displayName?: string | undefined; name?: string | undefined; filePath: string; parentComponent?: string | undefined; htmlTag?: string | undefined; type: string; architecture?: string | undefined; }'.
components/LogoGeneratorModal.tsx(113,44): error TS2532: Object is possibly 'undefined'.
components/LogoGeneratorModal.tsx(114,40): error TS2532: Object is possibly 'undefined'.
components/LogoGeneratorModal.tsx(116,29): error TS2322: Type 'string | undefined' is not assignable to type 'string | null'.
  Type 'undefined' is not assignable to type 'string | null'.
components/SiteMapSection.tsx(628,21): error TS2741: Property 'type' is missing in type '{ displayName: string; filePath: string; parentComponent: string; htmlTag: string; }' but required in type '{ displayName?: string | undefined; name?: string | undefined; filePath: string; parentComponent?: string | undefined; htmlTag?: string | undefined; type: string; architecture?: string | undefined; }'.
components/templates/TableViewTemplate.tsx(320,13): error TS2322: Type '({ id: string; name: string; status: string; schedule: { startDate: Date; endDate: Date; startTime: string; endTime: string; noLimit?: undefined; } | { startDate: Date; endDate: Date; startTime?: undefined; endTime?: undefined; noLimit?: undefined; } | { ...; } | { ...; }; ... 6 more ...; value: string; } | { ...; }...' is not assignable to type '{ id: string; name: string; status: string; schedule: { startDate: Date; endDate: Date; startTime: string; endTime: string; noLimit?: undefined; } | { startDate: Date; endDate: Date; startTime?: undefined; endTime?: undefined; noLimit?: undefined; } | { ...; } | { ...; }; ... 6 more ...; value: string; }[] | { ...; ...'.
  Type '({ id: string; name: string; status: string; schedule: { startDate: Date; endDate: Date; startTime: string; endTime: string; noLimit?: undefined; } | { startDate: Date; endDate: Date; startTime?: undefined; endTime?: undefined; noLimit?: undefined; } | { ...; } | { ...; }; ... 6 more ...; value: string; } | { ...; }...' is not assignable to type '{ id: string; name: string; status: string; schedule: { startDate: Date; endDate: Date; startTime: string; endTime: string; noLimit?: undefined; } | { startDate: Date; endDate: Date; startTime?: undefined; endTime?: undefined; noLimit?: undefined; } | { ...; } | { ...; }; ... 6 more ...; value: string; }[]'.
    Type '{ id: string; name: string; status: string; schedule: { startDate: Date; endDate: Date; startTime: string; endTime: string; noLimit?: undefined; } | { startDate: Date; endDate: Date; startTime?: undefined; endTime?: undefined; noLimit?: undefined; } | { ...; } | { ...; }; ... 6 more ...; value: string; } | { ...; }' is not assignable to type '{ id: string; name: string; status: string; schedule: { startDate: Date; endDate: Date; startTime: string; endTime: string; noLimit?: undefined; } | { startDate: Date; endDate: Date; startTime?: undefined; endTime?: undefined; noLimit?: undefined; } | { ...; } | { ...; }; ... 6 more ...; value: string; }'.
      Type '{ id: string; avatar: string; name: string; role: string; roleDetail: string; contactEmail: string; contactPhone: string; status: string; lastActive: string; }' is missing the following properties from type '{ id: string; name: string; status: string; schedule: { startDate: Date; endDate: Date; startTime: string; endTime: string; noLimit?: undefined; } | { startDate: Date; endDate: Date; startTime?: undefined; endTime?: undefined; noLimit?: undefined; } | { ...; } | { ...; }; ... 6 more ...; value: string; }': schedule, category, avatarColor, type, and 3 more.
components/templates/TableViewTemplate.tsx(327,13): error TS2322: Type '({ id: string; name: string; status: string; schedule: { startDate: Date; endDate: Date; startTime: string; endTime: string; noLimit?: undefined; } | { startDate: Date; endDate: Date; startTime?: undefined; endTime?: undefined; noLimit?: undefined; } | { ...; } | { ...; }; ... 6 more ...; value: string; } | { ...; }...' is not assignable to type '{ id: string; name: string; status: string; schedule: { startDate: Date; endDate: Date; startTime: string; endTime: string; noLimit?: undefined; } | { startDate: Date; endDate: Date; startTime?: undefined; endTime?: undefined; noLimit?: undefined; } | { ...; } | { ...; }; ... 6 more ...; value: string; }[] | { ...; ...'.
  Type '({ id: string; name: string; status: string; schedule: { startDate: Date; endDate: Date; startTime: string; endTime: string; noLimit?: undefined; } | { startDate: Date; endDate: Date; startTime?: undefined; endTime?: undefined; noLimit?: undefined; } | { ...; } | { ...; }; ... 6 more ...; value: string; } | { ...; }...' is not assignable to type '{ id: string; name: string; status: string; schedule: { startDate: Date; endDate: Date; startTime: string; endTime: string; noLimit?: undefined; } | { startDate: Date; endDate: Date; startTime?: undefined; endTime?: undefined; noLimit?: undefined; } | { ...; } | { ...; }; ... 6 more ...; value: string; }[]'.
    Type '{ id: string; name: string; status: string; schedule: { startDate: Date; endDate: Date; startTime: string; endTime: string; noLimit?: undefined; } | { startDate: Date; endDate: Date; startTime?: undefined; endTime?: undefined; noLimit?: undefined; } | { ...; } | { ...; }; ... 6 more ...; value: string; } | { ...; }' is not assignable to type '{ id: string; name: string; status: string; schedule: { startDate: Date; endDate: Date; startTime: string; endTime: string; noLimit?: undefined; } | { startDate: Date; endDate: Date; startTime?: undefined; endTime?: undefined; noLimit?: undefined; } | { ...; } | { ...; }; ... 6 more ...; value: string; }'.
      Type '{ id: string; avatar: string; name: string; role: string; roleDetail: string; contactEmail: string; contactPhone: string; status: string; lastActive: string; }' is missing the following properties from type '{ id: string; name: string; status: string; schedule: { startDate: Date; endDate: Date; startTime: string; endTime: string; noLimit?: undefined; } | { startDate: Date; endDate: Date; startTime?: undefined; endTime?: undefined; noLimit?: undefined; } | { ...; } | { ...; }; ... 6 more ...; value: string; }': schedule, category, avatarColor, type, and 3 more.
components/templates/TableViewTemplate.tsx(331,13): error TS2322: Type '({ id: string; name: string; status: string; schedule: { startDate: Date; endDate: Date; startTime: string; endTime: string; noLimit?: undefined; } | { startDate: Date; endDate: Date; startTime?: undefined; endTime?: undefined; noLimit?: undefined; } | { ...; } | { ...; }; ... 6 more ...; value: string; } | { ...; }...' is not assignable to type '{ id: string; name: string; status: string; schedule: { startDate: Date; endDate: Date; startTime: string; endTime: string; noLimit?: undefined; } | { startDate: Date; endDate: Date; startTime?: undefined; endTime?: undefined; noLimit?: undefined; } | { ...; } | { ...; }; ... 6 more ...; value: string; }[] | { ...; ...'.
  Type '({ id: string; name: string; status: string; schedule: { startDate: Date; endDate: Date; startTime: string; endTime: string; noLimit?: undefined; } | { startDate: Date; endDate: Date; startTime?: undefined; endTime?: undefined; noLimit?: undefined; } | { ...; } | { ...; }; ... 6 more ...; value: string; } | { ...; }...' is not assignable to type '{ id: string; name: string; status: string; schedule: { startDate: Date; endDate: Date; startTime: string; endTime: string; noLimit?: undefined; } | { startDate: Date; endDate: Date; startTime?: undefined; endTime?: undefined; noLimit?: undefined; } | { ...; } | { ...; }; ... 6 more ...; value: string; }[]'.
    Type '{ id: string; name: string; status: string; schedule: { startDate: Date; endDate: Date; startTime: string; endTime: string; noLimit?: undefined; } | { startDate: Date; endDate: Date; startTime?: undefined; endTime?: undefined; noLimit?: undefined; } | { ...; } | { ...; }; ... 6 more ...; value: string; } | { ...; }' is not assignable to type '{ id: string; name: string; status: string; schedule: { startDate: Date; endDate: Date; startTime: string; endTime: string; noLimit?: undefined; } | { startDate: Date; endDate: Date; startTime?: undefined; endTime?: undefined; noLimit?: undefined; } | { ...; } | { ...; }; ... 6 more ...; value: string; }'.
      Type '{ id: string; avatar: string; name: string; role: string; roleDetail: string; contactEmail: string; contactPhone: string; status: string; lastActive: string; }' is missing the following properties from type '{ id: string; name: string; status: string; schedule: { startDate: Date; endDate: Date; startTime: string; endTime: string; noLimit?: undefined; } | { startDate: Date; endDate: Date; startTime?: undefined; endTime?: undefined; noLimit?: undefined; } | { ...; } | { ...; }; ... 6 more ...; value: string; }': schedule, category, avatarColor, type, and 3 more.
components/TemplateSection.tsx(205,29): error TS2741: Property 'type' is missing in type '{ displayName: string; filePath: string; parentComponent: string; htmlTag: string; }' but required in type '{ displayName?: string | undefined; name?: string | undefined; filePath: string; parentComponent?: string | undefined; htmlTag?: string | undefined; type: string; architecture?: string | undefined; }'.
